This is pdfTeX, Version 3.1415926-1.40.10 (TeX Live 2009/Debian) (format=pdflatex 2012.5.18)  5 JAN 2013 17:38
entering extended mode
 %&-line parsing enabled.
**ccc
(./ccc.tex
LaTeX2e <2009/09/24>
Babel <v3.8l> and hyphenation patterns for english, usenglishmax, dumylang, noh
yphenation, farsi, arabic, croatian, bulgarian, ukrainian, russian, czech, slov
ak, danish, dutch, finnish, french, basque, ngerman, german, german-x-2009-06-1
9, ngerman-x-2009-06-19, ibycus, monogreek, greek, ancientgreek, hungarian, san
skrit, italian, latin, latvian, lithuanian, mongolian2a, mongolian, bokmal, nyn
orsk, romanian, irish, coptic, serbian, turkish, welsh, esperanto, uppersorbian
, estonian, indonesian, interlingua, icelandic, kurmanji, slovenian, polish, po
rtuguese, spanish, galician, catalan, swedish, ukenglish, pinyin, loaded.
(./BYUTextbook.cls
Document Class: BYUTextbook 
(/usr/share/texmf-texlive/tex/latex/changebar/changebar.sty
Package: changebar 2005/09/18 v3.5c Indicate changes with marginal bars
\cb@nextpoint=\count79
\cb@topleft=\count80
\cb@topright=\count81
\cb@botleft=\count82
\cb@botright=\count83
\cb@cnta=\count84
\cb@cntb=\count85
\cb@dima=\dimen102
\cb@curbarwd=\dimen103
\cb@page=\count86
\cb@pagecount=\count87
\cb@odd@left=\dimen104
\cb@odd@right=\dimen105
\cb@even@left=\dimen106
\cb@even@right=\dimen107
\cb@writexy=\write3
\cb@readxy=\read1
\openout3 = `ccc.cb2'.

\changebarwidth=\skip41
\deletebarwidth=\skip42
\changebarsep=\skip43
\c@changebargrey=\count88

(/usr/share/texmf-texlive/tex/latex/graphics/color.sty
Package: color 2005/11/14 v1.0j Standard LaTeX Color (DPC)

(/etc/texmf/tex/latex/config/color.cfg
File: color.cfg 2007/01/18 v1.5 color configuration of teTeX/TeXLive
)
Package color Info: Driver file: pdftex.def on input line 130.

(/usr/share/texmf-texlive/tex/latex/pdftex-def/pdftex.def
File: pdftex.def 2010/03/12 v0.04p Graphics/color for pdfTeX
\Gread@gobject=\count89
))
\cb@write=\write4
\cb@read=\read2
\openout4 = `ccc.cb'.

)
(/usr/share/texmf-texlive/tex/latex/base/book.cls
Document Class: book 2007/10/19 v1.4h Standard LaTeX document class
(/usr/share/texmf-texlive/tex/latex/base/bk11.clo
File: bk11.clo 2007/10/19 v1.4h Standard LaTeX file (size option)
)
\c@part=\count90
\c@chapter=\count91
\c@section=\count92
\c@subsection=\count93
\c@subsubsection=\count94
\c@paragraph=\count95
\c@subparagraph=\count96
\c@figure=\count97
\c@table=\count98
\abovecaptionskip=\skip44
\belowcaptionskip=\skip45
\bibindent=\dimen108
)
(/usr/share/texmf-texlive/tex/latex/changepage/changepage.sty
Package: changepage 2009/10/20 v1.0c check page and change page layout
\c@cp@cntr=\count99
\cp@tempcnt=\count100
)
(/usr/share/texmf-texlive/tex/latex/mparhack/mparhack.sty
Package: mparhack 2005/04/17 v1.4 (T. Sgouros and S. Ulrich)
)
(/usr/share/texmf-texlive/tex/latex/base/fontenc.sty
Package: fontenc 2005/09/27 v1.99g Standard LaTeX package

(/usr/share/texmf-texlive/tex/latex/base/t1enc.def
File: t1enc.def 2005/09/27 v1.99g Standard LaTeX file
LaTeX Font Info:    Redeclaring font encoding T1 on input line 43.
))
(/usr/share/texmf-texlive/tex/latex/fourier/fourier.sty
Package: fourier 2005/01/01 1.4 fourier-GUTenberg package

(/usr/share/texmf-texlive/tex/latex/base/fontenc.sty
Package: fontenc 2005/09/27 v1.99g Standard LaTeX package

(/usr/share/texmf-texlive/tex/latex/base/t1enc.def
File: t1enc.def 2005/09/27 v1.99g Standard LaTeX file
LaTeX Font Info:    Redeclaring font encoding T1 on input line 43.
))
(/usr/share/texmf-texlive/tex/latex/base/textcomp.sty
Package: textcomp 2005/09/27 v1.99g Standard LaTeX package
Package textcomp Info: Sub-encoding information:
(textcomp)               5 = only ISO-Adobe without \textcurrency
(textcomp)               4 = 5 + \texteuro
(textcomp)               3 = 4 + \textohm
(textcomp)               2 = 3 + \textestimated + \textcurrency
(textcomp)               1 = TS1 - \textcircled - \t
(textcomp)               0 = TS1 (full)
(textcomp)             Font families with sub-encoding setting implement
(textcomp)             only a restricted character set as indicated.
(textcomp)             Family '?' is the default used for unknown fonts.
(textcomp)             See the documentation for details.
Package textcomp Info: Setting ? sub-encoding to TS1/1 on input line 71.

(/usr/share/texmf-texlive/tex/latex/base/ts1enc.def
File: ts1enc.def 2001/06/05 v3.0e (jk/car/fm) Standard LaTeX file
)
LaTeX Info: Redefining \oldstylenums on input line 266.
Package textcomp Info: Setting cmr sub-encoding to TS1/0 on input line 281.
Package textcomp Info: Setting cmss sub-encoding to TS1/0 on input line 282.
Package textcomp Info: Setting cmtt sub-encoding to TS1/0 on input line 283.
Package textcomp Info: Setting cmvtt sub-encoding to TS1/0 on input line 284.
Package textcomp Info: Setting cmbr sub-encoding to TS1/0 on input line 285.
Package textcomp Info: Setting cmtl sub-encoding to TS1/0 on input line 286.
Package textcomp Info: Setting ccr sub-encoding to TS1/0 on input line 287.
Package textcomp Info: Setting ptm sub-encoding to TS1/4 on input line 288.
Package textcomp Info: Setting pcr sub-encoding to TS1/4 on input line 289.
Package textcomp Info: Setting phv sub-encoding to TS1/4 on input line 290.
Package textcomp Info: Setting ppl sub-encoding to TS1/3 on input line 291.
Package textcomp Info: Setting pag sub-encoding to TS1/4 on input line 292.
Package textcomp Info: Setting pbk sub-encoding to TS1/4 on input line 293.
Package textcomp Info: Setting pnc sub-encoding to TS1/4 on input line 294.
Package textcomp Info: Setting pzc sub-encoding to TS1/4 on input line 295.
Package textcomp Info: Setting bch sub-encoding to TS1/4 on input line 296.
Package textcomp Info: Setting put sub-encoding to TS1/5 on input line 297.
Package textcomp Info: Setting uag sub-encoding to TS1/5 on input line 298.
Package textcomp Info: Setting ugq sub-encoding to TS1/5 on input line 299.
Package textcomp Info: Setting ul8 sub-encoding to TS1/4 on input line 300.
Package textcomp Info: Setting ul9 sub-encoding to TS1/4 on input line 301.
Package textcomp Info: Setting augie sub-encoding to TS1/5 on input line 302.
Package textcomp Info: Setting dayrom sub-encoding to TS1/3 on input line 303.
Package textcomp Info: Setting dayroms sub-encoding to TS1/3 on input line 304.

Package textcomp Info: Setting pxr sub-encoding to TS1/0 on input line 305.
Package textcomp Info: Setting pxss sub-encoding to TS1/0 on input line 306.
Package textcomp Info: Setting pxtt sub-encoding to TS1/0 on input line 307.
Package textcomp Info: Setting txr sub-encoding to TS1/0 on input line 308.
Package textcomp Info: Setting txss sub-encoding to TS1/0 on input line 309.
Package textcomp Info: Setting txtt sub-encoding to TS1/0 on input line 310.
Package textcomp Info: Setting futs sub-encoding to TS1/4 on input line 311.
Package textcomp Info: Setting futx sub-encoding to TS1/4 on input line 312.
Package textcomp Info: Setting futj sub-encoding to TS1/4 on input line 313.
Package textcomp Info: Setting hlh sub-encoding to TS1/3 on input line 314.
Package textcomp Info: Setting hls sub-encoding to TS1/3 on input line 315.
Package textcomp Info: Setting hlst sub-encoding to TS1/3 on input line 316.
Package textcomp Info: Setting hlct sub-encoding to TS1/5 on input line 317.
Package textcomp Info: Setting hlx sub-encoding to TS1/5 on input line 318.
Package textcomp Info: Setting hlce sub-encoding to TS1/5 on input line 319.
Package textcomp Info: Setting hlcn sub-encoding to TS1/5 on input line 320.
Package textcomp Info: Setting hlcw sub-encoding to TS1/5 on input line 321.
Package textcomp Info: Setting hlcf sub-encoding to TS1/5 on input line 322.
Package textcomp Info: Setting pplx sub-encoding to TS1/3 on input line 323.
Package textcomp Info: Setting pplj sub-encoding to TS1/3 on input line 324.
Package textcomp Info: Setting ptmx sub-encoding to TS1/4 on input line 325.
Package textcomp Info: Setting ptmj sub-encoding to TS1/4 on input line 326.
)
(/usr/share/texmf-texlive/tex/latex/fourier/fourier-orns.sty
Package: fourier-orns 2004/01/30 1.1 fourier-ornaments package
)
LaTeX Font Info:    Redeclaring symbol font `operators' on input line 50.
LaTeX Font Info:    Encoding `OT1' has changed to `T1' for symbol font
(Font)              `operators' in the math version `normal' on input line 50.
LaTeX Font Info:    Overwriting symbol font `operators' in version `normal'
(Font)                  OT1/cmr/m/n --> T1/futs/m/n on input line 50.
LaTeX Font Info:    Encoding `OT1' has changed to `T1' for symbol font
(Font)              `operators' in the math version `bold' on input line 50.
LaTeX Font Info:    Overwriting symbol font `operators' in version `bold'
(Font)                  OT1/cmr/bx/n --> T1/futs/m/n on input line 50.
LaTeX Font Info:    Overwriting symbol font `operators' in version `bold'
(Font)                  T1/futs/m/n --> T1/futs/b/n on input line 51.
LaTeX Font Info:    Redeclaring symbol font `letters' on input line 59.
LaTeX Font Info:    Encoding `OML' has changed to `FML' for symbol font
(Font)              `letters' in the math version `normal' on input line 59.
LaTeX Font Info:    Overwriting symbol font `letters' in version `normal'
(Font)                  OML/cmm/m/it --> FML/futmi/m/it on input line 59.
LaTeX Font Info:    Encoding `OML' has changed to `FML' for symbol font
(Font)              `letters' in the math version `bold' on input line 59.
LaTeX Font Info:    Overwriting symbol font `letters' in version `bold'
(Font)                  OML/cmm/b/it --> FML/futmi/m/it on input line 59.
\symotherletters=\mathgroup4
LaTeX Font Info:    Overwriting symbol font `letters' in version `bold'
(Font)                  FML/futmi/m/it --> FML/futmi/b/it on input line 61.
LaTeX Font Info:    Overwriting symbol font `otherletters' in version `bold'
(Font)                  FML/futm/m/it --> FML/futm/b/it on input line 62.
LaTeX Font Info:    Redeclaring math symbol \Gamma on input line 63.
LaTeX Font Info:    Redeclaring math symbol \Delta on input line 64.
LaTeX Font Info:    Redeclaring math symbol \Theta on input line 65.
LaTeX Font Info:    Redeclaring math symbol \Lambda on input line 66.
LaTeX Font Info:    Redeclaring math symbol \Xi on input line 67.
LaTeX Font Info:    Redeclaring math symbol \Pi on input line 68.
LaTeX Font Info:    Redeclaring math symbol \Sigma on input line 69.
LaTeX Font Info:    Redeclaring math symbol \Upsilon on input line 70.
LaTeX Font Info:    Redeclaring math symbol \Phi on input line 71.
LaTeX Font Info:    Redeclaring math symbol \Psi on input line 72.
LaTeX Font Info:    Redeclaring math symbol \Omega on input line 73.
LaTeX Font Info:    Redeclaring symbol font `symbols' on input line 113.
LaTeX Font Info:    Encoding `OMS' has changed to `FMS' for symbol font
(Font)              `symbols' in the math version `normal' on input line 113.
LaTeX Font Info:    Overwriting symbol font `symbols' in version `normal'
(Font)                  OMS/cmsy/m/n --> FMS/futm/m/n on input line 113.
LaTeX Font Info:    Encoding `OMS' has changed to `FMS' for symbol font
(Font)              `symbols' in the math version `bold' on input line 113.
LaTeX Font Info:    Overwriting symbol font `symbols' in version `bold'
(Font)                  OMS/cmsy/b/n --> FMS/futm/m/n on input line 113.
LaTeX Font Info:    Redeclaring symbol font `largesymbols' on input line 114.
LaTeX Font Info:    Encoding `OMX' has changed to `FMX' for symbol font
(Font)              `largesymbols' in the math version `normal' on input line 1
14.
LaTeX Font Info:    Overwriting symbol font `largesymbols' in version `normal'
(Font)                  OMX/cmex/m/n --> FMX/futm/m/n on input line 114.
LaTeX Font Info:    Encoding `OMX' has changed to `FMX' for symbol font
(Font)              `largesymbols' in the math version `bold' on input line 114
.
LaTeX Font Info:    Overwriting symbol font `largesymbols' in version `bold'
(Font)                  OMX/cmex/m/n --> FMX/futm/m/n on input line 114.
LaTeX Font Info:    Redeclaring math alphabet \mathbf on input line 115.
LaTeX Font Info:    Overwriting math alphabet `\mathbf' in version `normal'
(Font)                  OT1/cmr/bx/n --> T1/futs/bx/n on input line 115.
LaTeX Font Info:    Overwriting math alphabet `\mathbf' in version `bold'
(Font)                  OT1/cmr/bx/n --> T1/futs/bx/n on input line 115.
LaTeX Font Info:    Redeclaring math alphabet \mathrm on input line 116.
LaTeX Font Info:    Redeclaring math alphabet \mathit on input line 117.
LaTeX Font Info:    Overwriting math alphabet `\mathit' in version `normal'
(Font)                  OT1/cmr/m/it --> T1/futs/m/it on input line 117.
LaTeX Font Info:    Overwriting math alphabet `\mathit' in version `bold'
(Font)                  OT1/cmr/bx/it --> T1/futs/m/it on input line 117.
LaTeX Font Info:    Redeclaring math alphabet \mathcal on input line 118.
LaTeX Font Info:    Redeclaring math symbol \parallel on input line 134.
LaTeX Font Info:    Redeclaring math symbol \hbar on input line 148.
LaTeX Font Info:    Redeclaring math symbol \varkappa on input line 186.
LaTeX Font Info:    Redeclaring math symbol \varvarrho on input line 187.
LaTeX Font Info:    Redeclaring math delimiter \Vert on input line 210.
LaTeX Font Info:    Redeclaring math delimiter \vert on input line 215.
LaTeX Font Info:    Redeclaring math delimiter \Downarrow on input line 225.
LaTeX Font Info:    Redeclaring math delimiter \backslash on input line 227.
LaTeX Font Info:    Redeclaring math delimiter \rangle on input line 229.
LaTeX Font Info:    Redeclaring math delimiter \langle on input line 231.
LaTeX Font Info:    Redeclaring math delimiter \rbrace on input line 233.
LaTeX Font Info:    Redeclaring math delimiter \lbrace on input line 235.
LaTeX Font Info:    Redeclaring math delimiter \rceil on input line 237.
LaTeX Font Info:    Redeclaring math delimiter \lceil on input line 239.
LaTeX Font Info:    Redeclaring math delimiter \rfloor on input line 241.
LaTeX Font Info:    Redeclaring math delimiter \lfloor on input line 243.
LaTeX Font Info:    Redeclaring math accent \acute on input line 247.
LaTeX Font Info:    Redeclaring math accent \grave on input line 248.
LaTeX Font Info:    Redeclaring math accent \ddot on input line 249.
LaTeX Font Info:    Redeclaring math accent \tilde on input line 250.
LaTeX Font Info:    Redeclaring math accent \bar on input line 251.
LaTeX Font Info:    Redeclaring math accent \breve on input line 252.
LaTeX Font Info:    Redeclaring math accent \check on input line 253.
LaTeX Font Info:    Redeclaring math accent \hat on input line 254.
LaTeX Font Info:    Redeclaring math accent \dot on input line 255.
LaTeX Font Info:    Redeclaring math accent \mathring on input line 256.
\symUfutm=\mathgroup5
)
(/usr/share/texmf-texlive/tex/latex/microtype/microtype.sty
Package: microtype 2009/03/27 v2.3d Micro-typography with pdfTeX (RS)

(/usr/share/texmf-texlive/tex/latex/graphics/keyval.sty
Package: keyval 1999/03/16 v1.13 key=value parser (DPC)
\KV@toks@=\toks14
)
\MT@toks=\toks15
\MT@count=\count101
LaTeX Info: Redefining \lsstyle on input line 1608.
LaTeX Info: Redefining \lslig on input line 1608.
\MT@outer@space=\skip46
LaTeX Info: Redefining \textls on input line 1616.
\MT@outer@kern=\dimen109
LaTeX Info: Redefining \textmicrotypecontext on input line 2167.
Package microtype Info: Loading configuration file microtype.cfg.

(/usr/share/texmf-texlive/tex/latex/microtype/microtype.cfg
File: microtype.cfg 2009/03/27 v2.3d microtype main configuration file (RS)
))
(/usr/share/texmf-texlive/tex/latex/amsmath/amsmath.sty
Package: amsmath 2000/07/18 v2.13 AMS math features
\@mathmargin=\skip47

For additional information on amsmath, use the `?' option.
(/usr/share/texmf-texlive/tex/latex/amsmath/amstext.sty
Package: amstext 2000/06/29 v2.01

(/usr/share/texmf-texlive/tex/latex/amsmath/amsgen.sty
File: amsgen.sty 1999/11/30 v2.0
\@emptytoks=\toks16
\ex@=\dimen110
))
(/usr/share/texmf-texlive/tex/latex/amsmath/amsbsy.sty
Package: amsbsy 1999/11/29 v1.2d
\pmbraise@=\dimen111
)
(/usr/share/texmf-texlive/tex/latex/amsmath/amsopn.sty
Package: amsopn 1999/12/14 v2.01 operator names
)
\inf@bad=\count102
LaTeX Info: Redefining \frac on input line 211.
\uproot@=\count103
\leftroot@=\count104
LaTeX Info: Redefining \overline on input line 307.
\classnum@=\count105
\DOTSCASE@=\count106
LaTeX Info: Redefining \ldots on input line 379.
LaTeX Info: Redefining \dots on input line 382.
LaTeX Info: Redefining \cdots on input line 467.
\Mathstrutbox@=\box26
\strutbox@=\box27
\big@size=\dimen112
LaTeX Font Info:    Redeclaring font encoding OML on input line 567.
LaTeX Font Info:    Redeclaring font encoding OMS on input line 568.
\macc@depth=\count107
\c@MaxMatrixCols=\count108
\dotsspace@=\muskip10
\c@parentequation=\count109
\dspbrk@lvl=\count110
\tag@help=\toks17
\row@=\count111
\column@=\count112
\maxfields@=\count113
\andhelp@=\toks18
\eqnshift@=\dimen113
\alignsep@=\dimen114
\tagshift@=\dimen115
\tagwidth@=\dimen116
\totwidth@=\dimen117
\lineht@=\dimen118
\@envbody=\toks19
\multlinegap=\skip48
\multlinetaggap=\skip49
\mathdisplay@stack=\toks20
LaTeX Info: Redefining \[ on input line 2666.
LaTeX Info: Redefining \] on input line 2667.
)
(/usr/share/texmf-texlive/tex/latex/mh/mathtools.sty
Package: mathtools 2008/08/01 v1.06 mathematical typesetting tools (MH)

(/usr/share/texmf-texlive/tex/latex/tools/calc.sty
Package: calc 2007/08/22 v4.3 Infix arithmetic (KKT,FJ)
\calc@Acount=\count114
\calc@Bcount=\count115
\calc@Adimen=\dimen119
\calc@Bdimen=\dimen120
\calc@Askip=\skip50
\calc@Bskip=\skip51
LaTeX Info: Redefining \setlength on input line 76.
LaTeX Info: Redefining \addtolength on input line 77.
\calc@Ccount=\count116
\calc@Cskip=\skip52
)
(/usr/share/texmf-texlive/tex/latex/mh/mhsetup.sty
Package: mhsetup 2007/12/03 v1.2 programming setup (MH)
)
\g_MT_multlinerow_int=\count117
\l_MT_multwidth_dim=\dimen121
)
(/usr/share/texmf-texlive/tex/latex/jknapltx/mathrsfs.sty
Package: mathrsfs 1996/01/01 Math RSFS package v1.0 (jk)
\symrsfs=\mathgroup6
)
(/usr/share/texmf-texlive/tex/latex/bbm-macros/bbm.sty
Package: bbm 1999/03/15 V 1.2 provides fonts for set symbols - TH
LaTeX Font Info:    Overwriting math alphabet `\mathbbm' in version `bold'
(Font)                  U/bbm/m/n --> U/bbm/bx/n on input line 33.
LaTeX Font Info:    Overwriting math alphabet `\mathbbmss' in version `bold'
(Font)                  U/bbmss/m/n --> U/bbmss/bx/n on input line 35.
)
(/usr/share/texmf-texlive/tex/latex/ltxmisc/relsize.sty
Package: relsize 2003/07/04 ver 3.1
)
(/usr/share/texmf-texlive/tex/latex/graphics/graphicx.sty
Package: graphicx 1999/02/16 v1.0f Enhanced LaTeX Graphics (DPC,SPQR)

(/usr/share/texmf-texlive/tex/latex/graphics/graphics.sty
Package: graphics 2009/02/05 v1.0o Standard LaTeX Graphics (DPC,SPQR)

(/usr/share/texmf-texlive/tex/latex/graphics/trig.sty
Package: trig 1999/03/16 v1.09 sin cos tan (DPC)
)
(/etc/texmf/tex/latex/config/graphics.cfg
File: graphics.cfg 2009/08/28 v1.8 graphics configuration of TeX Live
)
Package graphics Info: Driver file: pdftex.def on input line 91.
)
\Gin@req@height=\dimen122
\Gin@req@width=\dimen123
)
(/usr/share/texmf-texlive/tex/latex/fancyhdr/fancyhdr.sty
\fancy@headwidth=\skip53
\f@ncyO@elh=\skip54
\f@ncyO@erh=\skip55
\f@ncyO@olh=\skip56
\f@ncyO@orh=\skip57
\f@ncyO@elf=\skip58
\f@ncyO@erf=\skip59
\f@ncyO@olf=\skip60
\f@ncyO@orf=\skip61
)
(/usr/share/texmf-texlive/tex/latex/ms/ragged2e.sty
Package: ragged2e 2009/05/21 v2.1 ragged2e Package (MS)

(/usr/share/texmf-texlive/tex/latex/ms/everysel.sty
Package: everysel 1999/06/08 v1.03 EverySelectfont Package (MS)
)
\CenteringLeftskip=\skip62
\RaggedLeftLeftskip=\skip63
\RaggedRightLeftskip=\skip64
\CenteringRightskip=\skip65
\RaggedLeftRightskip=\skip66
\RaggedRightRightskip=\skip67
\CenteringParfillskip=\skip68
\RaggedLeftParfillskip=\skip69
\RaggedRightParfillskip=\skip70
\JustifyingParfillskip=\skip71
\CenteringParindent=\skip72
\RaggedLeftParindent=\skip73
\RaggedRightParindent=\skip74
\JustifyingParindent=\skip75
)
(/usr/share/texmf-texlive/tex/latex/caption/caption.sty
Package: caption 2009/10/09 v3.1k Customizing captions (AR)

(/usr/share/texmf-texlive/tex/latex/caption/caption3.sty
Package: caption3 2009/10/09 v3.1k caption3 kernel (AR)
\captionmargin=\dimen124
\captionmargin@=\dimen125
\captionwidth=\dimen126
\caption@indent=\dimen127
\caption@parindent=\dimen128
\caption@hangindent=\dimen129
)
\c@ContinuedFloat=\count118
)
(/usr/share/texmf-texlive/tex/latex/xstring/xstring.sty
(/usr/share/texmf-texlive/tex/generic/xstring/xstring.tex
\@xs@message=\write5
\integerpart=\count119
\decimalpart=\count120
)
Package: xstring 2009/06/05 v1.5c String manipulations (C Tellechea)
)
(/usr/share/texmf-texlive/tex/latex/base/makeidx.sty
Package: makeidx 2000/03/29 v1.0m Standard LaTeX package
)
\@indexfile=\write6
\openout6 = `ccc.idx'.


Writing index file ccc.idx
(/usr/share/texmf-texlive/tex/latex/appendix/appendix.sty
Package: appendix 2009/09/02 v1.2b extra appendix facilities
\c@@pps=\count121
\c@@ppsavesec=\count122
\c@@ppsaveapp=\count123
)
(/usr/share/texmf-texlive/tex/latex/base/ifthen.sty
Package: ifthen 2001/05/26 v1.1c Standard LaTeX ifthen package (DPC)
)
(/usr/share/texmf-texlive/tex/latex/hyperref/hyperref.sty
Package: hyperref 2009/10/09 v6.79a Hypertext links for LaTeX

(/usr/share/texmf-texlive/tex/generic/oberdiek/ifpdf.sty
Package: ifpdf 2009/04/10 v2.0 Provides the ifpdf switch (HO)
Package ifpdf Info: pdfTeX in pdf mode detected.
)
(/usr/share/texmf-texlive/tex/generic/oberdiek/ifvtex.sty
Package: ifvtex 2008/11/04 v1.4 Switches for detecting VTeX and its modes (HO)
Package ifvtex Info: VTeX not detected.
)
(/usr/share/texmf-texlive/tex/generic/ifxetex/ifxetex.sty
Package: ifxetex 2009/01/23 v0.5 Provides ifxetex conditional
)
(/usr/share/texmf-texlive/tex/latex/oberdiek/hycolor.sty
Package: hycolor 2009/10/02 v1.5 Code for color options of hyperref/bookmark (H
O)

(/usr/share/texmf-texlive/tex/latex/oberdiek/xcolor-patch.sty
Package: xcolor-patch 2009/10/02 xcolor patch
))
\@linkdim=\dimen130
\Hy@linkcounter=\count124
\Hy@pagecounter=\count125

(/usr/share/texmf-texlive/tex/latex/hyperref/pd1enc.def
File: pd1enc.def 2009/10/09 v6.79a Hyperref: PDFDocEncoding definition (HO)
)
(/usr/share/texmf-texlive/tex/generic/oberdiek/etexcmds.sty
Package: etexcmds 2007/12/12 v1.2 Prefix for e-TeX command names (HO)

(/usr/share/texmf-texlive/tex/generic/oberdiek/infwarerr.sty
Package: infwarerr 2007/09/09 v1.2 Providing info/warning/message (HO)
)
Package etexcmds Info: Could not find \expanded.
(etexcmds)             That can mean that you are not using pdfTeX 1.50 or
(etexcmds)             that some package has redefined \expanded.
(etexcmds)             In the latter case, load this package earlier.
)
(/usr/share/texmf-texlive/tex/latex/latexconfig/hyperref.cfg
File: hyperref.cfg 2002/06/06 v1.2 hyperref configuration of TeXLive
)
(/usr/share/texmf-texlive/tex/latex/oberdiek/kvoptions.sty
Package: kvoptions 2009/08/13 v3.4 Keyval support for LaTeX options (HO)

(/usr/share/texmf-texlive/tex/generic/oberdiek/kvsetkeys.sty
Package: kvsetkeys 2009/07/30 v1.5 Key value parser with default handler suppor
t (HO)
))
Package hyperref Info: Option `bookmarksnumbered' set `true' on input line 2864
.
Package hyperref Info: Option `pdfpagelabels' set `true' on input line 2864.
Package hyperref Info: Option `plainpages' set `false' on input line 2864.
Package hyperref Info: Option `colorlinks' set `true' on input line 2864.
Package hyperref Info: Hyper figures OFF on input line 2975.
Package hyperref Info: Link nesting OFF on input line 2980.
Package hyperref Info: Hyper index ON on input line 2983.
Package hyperref Info: Plain pages OFF on input line 2990.
Package hyperref Info: Backreferencing OFF on input line 2995.

Implicit mode ON; LaTeX internals redefined
Package hyperref Info: Bookmarks ON on input line 3191.
(/usr/share/texmf-texlive/tex/latex/ltxmisc/url.sty
\Urlmuskip=\muskip11
Package: url 2006/04/12  ver 3.3  Verb mode for urls, etc.
)
LaTeX Info: Redefining \url on input line 3428.

(/usr/share/texmf-texlive/tex/generic/oberdiek/bitset.sty
Package: bitset 2007/09/28 v1.0 Data type bit set (HO)

(/usr/share/texmf-texlive/tex/generic/oberdiek/intcalc.sty
Package: intcalc 2007/09/27 v1.1 Expandable integer calculations (HO)
)
(/usr/share/texmf-texlive/tex/generic/oberdiek/bigintcalc.sty
Package: bigintcalc 2007/11/11 v1.1 Expandable big integer calculations (HO)

(/usr/share/texmf-texlive/tex/generic/oberdiek/pdftexcmds.sty
Package: pdftexcmds 2009/09/23 v0.6 LuaTeX support for pdfTeX utility functions
 (HO)

(/usr/share/texmf-texlive/tex/generic/oberdiek/ifluatex.sty
Package: ifluatex 2009/04/17 v1.2 Provides the ifluatex switch (HO)
Package ifluatex Info: LuaTeX not detected.
)
(/usr/share/texmf-texlive/tex/generic/oberdiek/ltxcmds.sty
Package: ltxcmds 2009/08/05 v1.0 Some LaTeX kernel commands for general use (HO
)
)
Package pdftexcmds Info: LuaTeX not detected.
Package pdftexcmds Info: \pdf@primitive is available.
Package pdftexcmds Info: \pdf@ifprimitive is available.
)))
\Fld@menulength=\count126
\Field@Width=\dimen131
\Fld@charsize=\dimen132
\Field@toks=\toks21
Package hyperref Info: Hyper figures OFF on input line 4377.
Package hyperref Info: Link nesting OFF on input line 4382.
Package hyperref Info: Hyper index ON on input line 4385.
Package hyperref Info: backreferencing OFF on input line 4392.
Package hyperref Info: Link coloring ON on input line 4395.
Package hyperref Info: Link coloring with OCG OFF on input line 4402.
Package hyperref Info: PDF/A mode OFF on input line 4407.

(/usr/share/texmf-texlive/tex/generic/oberdiek/atbegshi.sty
Package: atbegshi 2008/07/31 v1.9 At begin shipout hook (HO)
)
\Hy@abspage=\count127
\c@Item=\count128
\c@Hfootnote=\count129
)
*hyperref using default driver hpdftex*
(/usr/share/texmf-texlive/tex/latex/hyperref/hpdftex.def
File: hpdftex.def 2009/10/09 v6.79a Hyperref driver for pdfTeX
\Fld@listcount=\count130
)
(/usr/share/texmf-texlive/tex/latex/tools/array.sty
Package: array 2008/09/09 v2.4c Tabular extension package (FMi)
\col@sep=\dimen133
\extrarowheight=\dimen134
\NC@list=\toks22
\extratabsurround=\skip76
\backup@length=\skip77
)
(/usr/share/texmf-texlive/tex/latex/upquote/upquote.sty
Package: upquote 2003/08/11 v1.1 Covington's upright-quote modification to verb
atim and verb
)
(/usr/share/texmf-texlive/tex/latex/fancyvrb/fancyvrb.sty
Package: fancyvrb 2008/02/07

Style option: `fancyvrb' v2.7a, with DG/SPQR fixes, and firstline=lastline fix 
<2008/02/07> (tvz)
\FV@CodeLineNo=\count131
\FV@InFile=\read3
\FV@TabBox=\box28
\c@FancyVerbLine=\count132
\FV@StepNumber=\count133
\FV@OutFile=\write7
) (/usr/share/texmf-texlive/tex/latex/listings/listings.sty
\lst@mode=\count134
\lst@gtempboxa=\box29
\lst@token=\toks23
\lst@length=\count135
\lst@currlwidth=\dimen135
\lst@column=\count136
\lst@pos=\count137
\lst@lostspace=\dimen136
\lst@width=\dimen137
\lst@newlines=\count138
\lst@lineno=\count139
\lst@maxwidth=\dimen138

(/usr/share/texmf-texlive/tex/latex/listings/lstmisc.sty
File: lstmisc.sty 2007/02/22 1.4 (Carsten Heinz)
\c@lstnumber=\count140
\lst@skipnumbers=\count141
\lst@framebox=\box30
)
(/usr/share/texmf-texlive/tex/latex/listings/listings.cfg
File: listings.cfg 2007/02/22 1.4 listings configuration
))
Package: listings 2007/02/22 1.4 (Carsten Heinz)

(/usr/share/texmf-texlive/tex/latex/listings/lstlang1.sty
File: lstlang1.sty 2004/09/05 1.3 listings language file
)
(/usr/share/texmf-texlive/tex/latex/listings/lstmisc.sty
File: lstmisc.sty 2007/02/22 1.4 (Carsten Heinz)
\lstFV@gtempboxa=\box31
)
\c@listingCtr=\count142
\c@example=\count143
\solutions=\write8
\openout8 = `ccc.sln'.


(/usr/share/texmf-texlive/tex/latex/tocloft/tocloft.sty
Package: tocloft 2009/09/04 v2.3d parameterised ToC, etc., typesetting


Package tocloft Note: The document has chapter divisions.

\cftparskip=\skip78
\cftbeforetoctitleskip=\skip79
\cftaftertoctitleskip=\skip80
\cftbeforepartskip=\skip81
\cftpartnumwidth=\skip82
\cftpartindent=\skip83
\cftbeforechapskip=\skip84
\cftchapindent=\skip85
\cftchapnumwidth=\skip86
\cftbeforesecskip=\skip87
\cftsecindent=\skip88
\cftsecnumwidth=\skip89
\cftbeforesubsecskip=\skip90
\cftsubsecindent=\skip91
\cftsubsecnumwidth=\skip92
\cftbeforesubsubsecskip=\skip93
\cftsubsubsecindent=\skip94
\cftsubsubsecnumwidth=\skip95
\cftbeforeparaskip=\skip96
\cftparaindent=\skip97
\cftparanumwidth=\skip98
\cftbeforesubparaskip=\skip99
\cftsubparaindent=\skip100
\cftsubparanumwidth=\skip101
\cftbeforeloftitleskip=\skip102
\cftafterloftitleskip=\skip103
\cftbeforefigskip=\skip104
\cftfigindent=\skip105
\cftfignumwidth=\skip106
\c@lofdepth=\count144
\c@lotdepth=\count145
\cftbeforelottitleskip=\skip107
\cftafterlottitleskip=\skip108
\cftbeforetabskip=\skip109
\cfttabindent=\skip110
\cfttabnumwidth=\skip111
)
\c@problem=\count146
\cftbeforeproblemskip=\skip112
\cftproblemindent=\skip113
\cftproblemnumwidth=\skip114
\c@prbdepth=\count147
\cftbeforeprbtitleskip=\skip115
\cftafterprbtitleskip=\skip116
\c@subproblem=\count148
\c@revprob=\count149
 (/usr/share/texmf-texlive/tex/latex/marginnote/marginnote.sty
Package: marginnote 2009/05/06 v1.1d non floating margin notes for LaTeX
\c@mn@abspage=\count150
))
(/usr/share/texmf-texlive/tex/latex/amsfonts/amssymb.sty
Package: amssymb 2009/06/22 v3.00

(/usr/share/texmf-texlive/tex/latex/amsfonts/amsfonts.sty
Package: amsfonts 2009/06/22 v3.00 Basic AMSFonts support
\symAMSa=\mathgroup7
\symAMSb=\mathgroup8
LaTeX Font Info:    Overwriting math alphabet `\mathfrak' in version `bold'
(Font)                  U/euf/m/n --> U/euf/b/n on input line 96.
LaTeX Font Info:    Redeclaring math symbol \square on input line 128.
)
LaTeX Font Info:    Redeclaring math symbol \blacksquare on input line 43.
LaTeX Font Info:    Redeclaring math symbol \vDash on input line 55.
LaTeX Font Info:    Redeclaring math symbol \leftleftarrows on input line 58.
LaTeX Font Info:    Redeclaring math symbol \rightrightarrows on input line 59.

LaTeX Font Info:    Redeclaring math symbol \leqslant on input line 96.
LaTeX Font Info:    Redeclaring math symbol \geqslant on input line 103.
LaTeX Font Info:    Redeclaring math symbol \blacktriangleright on input line 1
15.
LaTeX Font Info:    Redeclaring math symbol \blacktriangleleft on input line 11
6.
LaTeX Font Info:    Redeclaring math symbol \complement on input line 160.
LaTeX Font Info:    Redeclaring math symbol \intercal on input line 161.
LaTeX Font Info:    Redeclaring math symbol \nleqslant on input line 176.
LaTeX Font Info:    Redeclaring math symbol \ngeqslant on input line 177.
LaTeX Font Info:    Redeclaring math symbol \varsubsetneq on input line 198.
LaTeX Font Info:    Redeclaring math symbol \subsetneqq on input line 202.
LaTeX Font Info:    Redeclaring math symbol \nparallel on input line 210.
LaTeX Font Info:    Redeclaring math symbol \nvDash on input line 216.
LaTeX Font Info:    Redeclaring math symbol \nexists on input line 230.
LaTeX Font Info:    Redeclaring math symbol \smallsetminus on input line 246.
LaTeX Font Info:    Redeclaring math symbol \curvearrowleft on input line 252.
LaTeX Font Info:    Redeclaring math symbol \curvearrowright on input line 253.

LaTeX Font Info:    Redeclaring math symbol \varkappa on input line 255.
LaTeX Font Info:    Redeclaring math symbol \hslash on input line 257.
)
(/usr/share/texmf-texlive/tex/latex/amscls/amsthm.sty
Package: amsthm 2004/08/06 v2.20
\thm@style=\toks24
\thm@bodyfont=\toks25
\thm@headfont=\toks26
\thm@notefont=\toks27
\thm@headpunct=\toks28
\thm@preskip=\skip117
\thm@postskip=\skip118
\thm@headsep=\skip119
\dth@everypar=\toks29
)
(/usr/share/texmf-texlive/tex/latex/thmtools/thmtools.sty
Package: thmtools 2008/06/22 v0.1beta6 Tools for theorem typesetting (ulmi)

(/usr/share/texmf-texlive/tex/latex/thmtools/thm-kv.sty
Package: thm-kv 2008/06/22 v0.1beta6 thm-kv interface (ulmi)
)
(/usr/share/texmf-texlive/tex/latex/thmtools/thm-autoref.sty
Package: thm-autoref 2008/03/09 v0.1beta2 thm-autoref (ulmi)

(/usr/share/texmf-texlive/tex/latex/thmtools/thm-patch.sty
Package: thm-patch 2008/06/22 v0.1beta6 thm-patch (ulmi)

(/usr/share/texmf-texlive/tex/latex/thmtools/parseargs.sty
Package: parseargs 2008/05/12 v0.1alpha1 generic argument parser (ulmi)
\@parsespec=\toks30
)
\c@thmt@dummyctr=\count151
)
(/usr/share/texmf-texlive/tex/latex/thmtools/aliasctr.sty
Package: aliasctr 2006/01/22 v0.1 counter aliasing (ulmi)

(/usr/share/texmf-texlive/tex/latex/carlisle/remreset.sty)))
(/usr/share/texmf-texlive/tex/latex/thmtools/thm-listof.sty
Package: thm-listof 2008/05/10 v0.1beta3 thm-listof (ulmi)
))
(/usr/share/texmf-texlive/tex/latex/tools/bm.sty
Package: bm 2004/02/26 v1.1c Bold Symbol Support (DPC/FMi)
\symboldoperators=\mathgroup9
\symboldletters=\mathgroup10
\symboldotherletters=\mathgroup11
LaTeX Font Info:    Redeclaring math alphabet \mathbf on input line 138.
LaTeX Info: Redefining \bm on input line 204.
)
(/usr/share/texmf-texlive/tex/latex/maybemath/maybemath.sty
Package: maybemath 2005/2/22
) (./physics.sty
Package: physics 

(/usr/share/texmf-texlive/tex/latex/xpackages/xbase/xparse.sty
(/usr/share/texmf-texlive/tex/latex/expl3/l3names.sty
Package: l3names 2009/08/08 v1452 L3 Experimental Naming Scheme for TeX Primiti
ves
)
Package: xparse 2009/08/31 v1497 Generic document command parser

(/usr/share/texmf-texlive/tex/latex/expl3/expl3.sty
Package: expl3 2009/08/12 v1458 L3 Experimental code bundle wrapper

(/usr/share/texmf-texlive/tex/latex/expl3/l3basics.sty
Package: l3basics 2009/08/08 v1453 L3 Experimental basic definitions
Defining \cs_set_nopar:cpn on line 475
Defining \cs_set_nopar:cpx on line 476
Defining \cs_gset_nopar:cpn on line 477
Defining \cs_gset_nopar:cpx on line 478
Defining \cs_new_nopar:cpn on line 479
Defining \cs_new_nopar:cpx on line 480
Defining \cs_gnew_nopar:cpn on line 481
Defining \cs_gnew_nopar:cpx on line 482
Defining \cs_set:cpn on line 483
Defining \cs_set:cpx on line 484
Defining \cs_gset:cpn on line 485
Defining \cs_gset:cpx on line 486
Defining \cs_new:cpn on line 487
Defining \cs_new:cpx on line 488
Defining \cs_gnew:cpn on line 489
Defining \cs_gnew:cpx on line 490
Defining \cs_set_protected_nopar:cpn on line 491
Defining \cs_set_protected_nopar:cpx on line 492
Defining \cs_gset_protected_nopar:cpn on line 493
Defining \cs_gset_protected_nopar:cpx on line 494
Defining \cs_new_protected_nopar:cpn on line 495
Defining \cs_new_protected_nopar:cpx on line 496
Defining \cs_gnew_protected_nopar:cpn on line 497
Defining \cs_gnew_protected_nopar:cpx on line 498
Defining \cs_set_protected:cpn on line 499
Defining \cs_set_protected:cpx on line 500
Defining \cs_gset_protected:cpn on line 501
Defining \cs_gset_protected:cpx on line 502
Defining \cs_new_protected:cpn on line 503
Defining \cs_new_protected:cpx on line 504
Defining \cs_gnew_protected:cpn on line 505
Defining \cs_gnew_protected:cpx on line 506
Defining \cs_new_eq:NN on line 523
Defining \cs_new_eq:cN on line 527
Defining \cs_new_eq:Nc on line 528
Defining \cs_new_eq:cc on line 529
Defining \cs_gset_eq:NN on line 530
Defining \cs_gset_eq:Nc on line 531
Defining \cs_gset_eq:cN on line 532
Defining \cs_gset_eq:cc on line 533
Defining \cs_gnew_eq:NN on line 534
Defining \cs_gnew_eq:cN on line 538
Defining \cs_gnew_eq:Nc on line 539
Defining \cs_gnew_eq:cc on line 540
Defining \cs_gundefine:N on line 541
Defining \cs_gundefine:c on line 542
Defining \c_xetex_is_engine_bool on line 548
Defining \xetex_if_engine:TF on line 553
Defining \xetex_if_engine:T on line 553
Defining \xetex_if_engine:F on line 553
Defining \c_luatex_is_engine_bool on line 557
Defining \prg_do_nothing: on line 567
Defining \cs_if_eq_p:cN on line 710
Defining \cs_if_eq:cNTF on line 711
Defining \cs_if_eq:cNT on line 712
Defining \cs_if_eq:cNF on line 713
Defining \cs_if_eq_p:Nc on line 714
Defining \cs_if_eq:NcTF on line 715
Defining \cs_if_eq:NcT on line 716
Defining \cs_if_eq:NcF on line 717
Defining \cs_if_eq_p:cc on line 718
Defining \cs_if_eq:ccTF on line 719
Defining \cs_if_eq:ccT on line 720
Defining \cs_if_eq:ccF on line 721
)
(/usr/share/texmf-texlive/tex/latex/expl3/l3expan.sty
Package: l3expan 2009/08/16 v1464 L3 Experimental Argument Expansion module
Defining \l_exp_tl on line 56
Defining \exp_arg_next:nnn on line 57
Defining \exp_arg_next_nobrace:nnn on line 60
Defining \::: on line 63
Defining \::n on line 64
Defining \::N on line 67
Defining \::c on line 70
Defining \::o on line 73
Defining \::f on line 76
Defining \exp_stop_f: on line 81
Defining \exp_arg:x on line 82
Defining \::x on line 93
Defining \::V on line 94
Defining \::v on line 102
Defining \exp_args:No on line 129
Defining \exp_args:NNo on line 130
Defining \exp_args:NNNo on line 132
Defining \exp_args:cc on line 135
Defining \exp_args:NNc on line 136
Defining \exp_args:Ncc on line 138
Defining \exp_args:Nccc on line 140
Defining \exp_args:Nco on line 143
Defining \exp_not:o on line 192
Defining \exp_not:d on line 193
Defining \exp_not:f on line 196
Defining \exp_not:v on line 199
Defining \exp_not:V on line 202
Defining \exp_not:c on line 205
Defining \cs_generate_variant:Nn on line 206
Defining \cs_generate_internal_variant:n on line 242
Defining \cs_generate_internal_variant_aux:n on line 248
Defining \exp_arg_last_unbraced:nn on line 255
Defining \::f_unbraced on line 256
Defining \::o_unbraced on line 260
Defining \::V_unbraced on line 263
Defining \::v_unbraced on line 267
Defining \exp_last_unbraced:Nf on line 273
Defining \exp_last_unbraced:NV on line 274
Defining \exp_last_unbraced:Nv on line 275
Defining \exp_last_unbraced:NcV on line 276
Defining \exp_last_unbraced:NNo on line 279
Defining \exp_last_unbraced:NNV on line 282
Defining \exp_last_unbraced:NNNo on line 285
)
(/usr/share/texmf-texlive/tex/latex/expl3/l3tl.sty
Package: l3tl 2009/09/03 v1505 L3 Experimental Token Lists
Defining \tl_new:Nn on line 56
Defining \tl_new:cn on line 60
Defining \exp_args:Ncn on line 60
Defining \tl_new:Nx on line 61
Defining \tl_new:N on line 65
Defining \tl_new:c on line 66
Defining \tl_use:N on line 67
Defining \tl_use:c on line 75
Defining \tl_show:N on line 76
Defining \tl_show:c on line 77
Defining \tl_set:Nn on line 79
Defining \tl_set:Nx on line 80
Defining \tl_gset:Nn on line 81
Defining \tl_gset:Nx on line 82
Defining \tl_set:NV on line 83
Defining \tl_set:No on line 83
Defining \tl_set:Nv on line 83
Defining \tl_set:Nf on line 83
Defining \tl_set:cn on line 83
Defining \tl_set:cV on line 83
Defining \exp_args:NcV on line 83
Defining \tl_set:co on line 83
Defining \tl_set:cx on line 83
Defining \tl_gset:NV on line 84
Defining \tl_gset:No on line 84
Defining \tl_gset:Nv on line 84
Defining \tl_gset:cn on line 84
Defining \tl_gset:cx on line 84
Defining \tl_set_eq:NN on line 85
Defining \tl_gset_eq:NN on line 86
Defining \tl_set_eq:Nc on line 87
Defining \tl_set_eq:cN on line 87
Defining \tl_set_eq:cc on line 87
Defining \tl_gset_eq:Nc on line 88
Defining \tl_gset_eq:cN on line 88
Defining \tl_gset_eq:cc on line 88
Defining \tl_clear:N on line 89
Defining \tl_clear:c on line 90
Defining \tl_gclear:N on line 91
Defining \tl_gclear:c on line 92
Defining \tl_clear_new:N on line 93
Defining \tl_clear_new:c on line 94
Defining \tl_gclear_new:N on line 95
Defining \tl_gclear_new:c on line 96
Defining \tl_put_left:Nn on line 97
Defining \tl_put_left:NV on line 101
Defining \tl_put_left:No on line 104
Defining \tl_put_left:Nx on line 108
Defining \tl_gput_left:Nn on line 111
Defining \tl_gput_left:NV on line 115
Defining \tl_gput_left:No on line 118
Defining \tl_gput_left:Nx on line 122
Defining \tl_put_left:cn on line 125
Defining \tl_put_left:co on line 125
Defining \tl_put_left:cV on line 125
Defining \tl_gput_left:cn on line 126
Defining \tl_gput_left:co on line 126
Defining \tl_gput_left:cV on line 127
Defining \tl_put_right:Nn on line 128
Defining \tl_gput_right:Nn on line 132
Defining \tl_put_right:NV on line 136
Defining \tl_put_right:No on line 139
Defining \tl_gput_right:NV on line 143
Defining \tl_gput_right:No on line 146
Defining \tl_put_right:cn on line 156
Defining \tl_put_right:co on line 156
Defining \tl_put_right:cV on line 157
Defining \tl_gput_right:cn on line 158
Defining \tl_gput_right:co on line 158
Defining \tl_gput_right:cV on line 158
Defining \tl_gset:Nc on line 159
Defining \tl_set:Nc on line 162
Defining \c_job_name_tl on line 163
Defining \c_empty_tl on line 164
Defining \g_tmpa_tl on line 165
Defining \g_tmpb_tl on line 166
Defining \l_testa_tl on line 167
Defining \l_testb_tl on line 168
Defining \g_testa_tl on line 169
Defining \g_testb_tl on line 170
Defining \l_tmpa_tl on line 171
Defining \l_tmpb_tl on line 172
Defining \tl_if_empty_p:c on line 177
Defining \tl_if_empty:cTF on line 178
Defining \tl_if_empty:cT on line 179
Defining \tl_if_empty:cF on line 180
Defining \tl_if_eq_p:NN on line 183
Defining \tl_if_eq:NNTF on line 183
Defining \tl_if_eq:NNT on line 183
Defining \tl_if_eq:NNF on line 183
Defining \tl_if_eq_p:Nc on line 184
Defining \tl_if_eq_p:cN on line 184
Defining \tl_if_eq_p:cc on line 184
Defining \tl_if_eq:NcTF on line 185
Defining \tl_if_eq:cNTF on line 185
Defining \tl_if_eq:ccTF on line 185
Defining \tl_if_eq:NcT on line 186
Defining \tl_if_eq:cNT on line 186
Defining \tl_if_eq:ccT on line 186
Defining \tl_if_eq:NcF on line 187
Defining \tl_if_eq:cNF on line 187
Defining \tl_if_eq:ccF on line 187
Defining \tl_if_empty_p:n on line 191
Defining \tl_if_empty:nTF on line 191
Defining \tl_if_empty:nT on line 191
Defining \tl_if_empty:nF on line 191
Defining \tl_if_empty_p:V on line 192
Defining \tl_if_empty:VTF on line 193
Defining \tl_if_empty:VT on line 194
Defining \tl_if_empty:VF on line 195
Defining \tl_if_empty_p:o on line 196
Defining \tl_if_empty:oTF on line 197
Defining \tl_if_empty:oT on line 198
Defining \tl_if_empty:oF on line 199
Defining \tl_if_blank_p:n on line 202
Defining \tl_if_blank:nTF on line 202
Defining \tl_if_blank:nT on line 202
Defining \tl_if_blank:nF on line 202
Defining \tl_if_blank_p_aux:w on line 203
Defining \tl_if_blank_p:V on line 206
Defining \tl_if_blank:VTF on line 207
Defining \tl_if_blank:VT on line 208
Defining \tl_if_blank:VF on line 209
Defining \tl_if_blank_p:o on line 210
Defining \tl_if_blank:oTF on line 211
Defining \tl_if_blank:oT on line 212
Defining \tl_if_blank:oF on line 213
Defining \tl_compare:xx on line 214
Defining \tl_compare:nn on line 215
Defining \tl_compare:nx on line 218
Defining \tl_compare:xn on line 221
Defining \tl_compare:nV on line 224
Defining \tl_compare:no on line 227
Defining \tl_compare:Vn on line 230
Defining \tl_compare:on on line 233
Defining \tl_compare:VV on line 236
Defining \tl_compare:oo on line 239
Defining \tl_compare:xV on line 242
Defining \tl_compare:xo on line 245
Defining \tl_compare:Vx on line 248
Defining \tl_compare:ox on line 251
Defining \tl_if_eq_p:xx on line 265
Defining \tl_if_eq:xxTF on line 265
Defining \tl_if_eq:xxT on line 265
Defining \tl_if_eq:xxF on line 265
Defining \tl_if_eq_p:nx on line 265
Defining \tl_if_eq:nxTF on line 265
Defining \tl_if_eq:nxT on line 265
Defining \tl_if_eq:nxF on line 265
Defining \tl_if_eq_p:ox on line 265
Defining \tl_if_eq:oxTF on line 265
Defining \tl_if_eq:oxT on line 265
Defining \tl_if_eq:oxF on line 265
Defining \tl_if_eq_p:Vx on line 265
Defining \tl_if_eq:VxTF on line 265
Defining \tl_if_eq:VxT on line 265
Defining \tl_if_eq:VxF on line 265
Defining \tl_if_eq_p:xn on line 266
Defining \tl_if_eq:xnTF on line 266
Defining \tl_if_eq:xnT on line 266
Defining \tl_if_eq:xnF on line 266
Defining \tl_if_eq_p:nn on line 266
Defining \tl_if_eq:nnTF on line 266
Defining \tl_if_eq:nnT on line 266
Defining \tl_if_eq:nnF on line 266
Defining \tl_if_eq_p:on on line 266
Defining \tl_if_eq:onTF on line 266
Defining \tl_if_eq:onT on line 266
Defining \tl_if_eq:onF on line 266
Defining \tl_if_eq_p:Vn on line 266
Defining \tl_if_eq:VnTF on line 266
Defining \tl_if_eq:VnT on line 266
Defining \tl_if_eq:VnF on line 266
Defining \tl_if_eq_p:xo on line 267
Defining \tl_if_eq:xoTF on line 267
Defining \tl_if_eq:xoT on line 267
Defining \tl_if_eq:xoF on line 267
Defining \tl_if_eq_p:no on line 267
Defining \tl_if_eq:noTF on line 267
Defining \tl_if_eq:noT on line 267
Defining \tl_if_eq:noF on line 267
Defining \tl_if_eq_p:oo on line 267
Defining \tl_if_eq:ooTF on line 267
Defining \tl_if_eq:ooT on line 267
Defining \tl_if_eq:ooF on line 267
Defining \tl_if_eq_p:xV on line 268
Defining \tl_if_eq:xVTF on line 268
Defining \tl_if_eq:xVT on line 268
Defining \tl_if_eq:xVF on line 268
Defining \tl_if_eq_p:nV on line 268
Defining \tl_if_eq:nVTF on line 268
Defining \tl_if_eq:nVT on line 268
Defining \tl_if_eq:nVF on line 268
Defining \tl_if_eq_p:VV on line 268
Defining \tl_if_eq:VVTF on line 268
Defining \tl_if_eq:VVT on line 268
Defining \tl_if_eq:VVF on line 268
Defining \tl_to_lowercase:n on line 369
Defining \tl_to_uppercase:n on line 370
Defining \tl_to_str:n on line 371
Defining \tl_to_str:N on line 372
Defining \tl_to_str_aux:w on line 374
Defining \tl_to_str:c on line 375
Defining \tl_map_function:nN on line 376
Defining \tl_map_function:NN on line 379
Defining \tl_map_function_aux:Nn on line 383
Defining \tl_map_function:cN on line 387
Defining \exp_args:NcN on line 387
Defining \tl_map_inline:nn on line 388
Defining \tl_map_inline:Nn on line 397
Defining \tl_map_inline:cn on line 406
Defining \g_tl_inline_level_num on line 407
Defining \tl_map_variable:nNn on line 408
Defining \tl_map_variable:NNn on line 411
Defining \tl_map_variable:cNn on line 412
Defining \tl_map_variable_aux:Nnn on line 413
Defining \tl_map_break: on line 418
Defining \tl_reverse:n on line 419
Defining \tl_reverse_aux:nN on line 422
Defining \tl_reverse:V on line 426
Defining \tl_reverse:o on line 426
Defining \tl_reverse:N on line 427
Defining \tl_elt_count:n on line 430
Defining \tl_elt_count:V on line 435
Defining \tl_elt_count:o on line 435
Defining \tl_elt_count:N on line 436
Defining \tl_set_rescan:Nnn on line 441
Defining \tl_gset_rescan:Nnn on line 442
Defining \c_two_ats_with_two_catcodes_tl on line 451
Defining \tl_set_rescan_aux:NNnn on line 452
Defining \tl_set_rescan:Nnx on line 468
Defining \tl_gset_rescan:Nnx on line 478
Defining \tl_rescan:nn on line 486
Defining \tl_if_in:NnTF on line 500
Defining \tl_if_in:NnT on line 500
Defining \tl_if_in:NnF on line 500
Defining \tl_if_in:cnTF on line 501
Defining \tl_if_in:cnT on line 502
Defining \tl_if_in:cnF on line 503
Defining \tl_if_in:nnTF on line 509
Defining \tl_if_in:nnT on line 509
Defining \tl_if_in:nnF on line 509
Defining \tl_if_in:VnTF on line 510
Defining \tl_if_in:VnT on line 511
Defining \tl_if_in:VnF on line 512
Defining \tl_if_in:onTF on line 513
Defining \tl_if_in:onT on line 514
Defining \tl_if_in:onF on line 515
Defining \tl_replace_in_aux:NNnn on line 517
Defining \tl_replace_in:Nnn on line 532
Defining \tl_replace_in:cnn on line 533
Defining \exp_args:Ncnn on line 533
Defining \tl_greplace_in:Nnn on line 534
Defining \tl_greplace_in:cnn on line 535
Defining \tl_replace_all_in:Nnn on line 552
Defining \tl_replace_all_in:cnn on line 554
Defining \tl_greplace_all_in:Nnn on line 555
Defining \tl_greplace_all_in:cnn on line 557
Defining \tl_remove_in:Nn on line 558
Defining \tl_gremove_in:Nn on line 559
Defining \tl_remove_in:cn on line 560
Defining \tl_gremove_in:cn on line 561
Defining \tl_remove_all_in:Nn on line 562
Defining \tl_gremove_all_in:Nn on line 565
Defining \tl_remove_all_in:cn on line 568
Defining \tl_gremove_all_in:cn on line 569
Defining \tl_head:n on line 570
Defining \tl_head_i:n on line 571
Defining \tl_tail:n on line 572
Defining \tl_tail:f on line 573
Defining \tl_head_iii:n on line 574
Defining \tl_head_iii:f on line 575
Defining \tl_head:w on line 576
Defining \tl_head_i:w on line 577
Defining \tl_tail:w on line 578
Defining \tl_head_iii:w on line 579
Defining \tl_head:V on line 580
Defining \tl_tail:V on line 581
Defining \tl_if_head_eq_meaning_p:nN on line 585
Defining \tl_if_head_eq_meaning:nNTF on line 585
Defining \tl_if_head_eq_meaning:nNT on line 585
Defining \tl_if_head_eq_meaning:nNF on line 585
Defining \tl_if_head_eq_charcode_p:nN on line 590
Defining \tl_if_head_eq_charcode:nNTF on line 590
Defining \tl_if_head_eq_charcode:nNT on line 590
Defining \tl_if_head_eq_charcode:nNF on line 590
Defining \tl_if_head_eq_charcode_p:fN on line 600
Defining \tl_if_head_eq_charcode:fNTF on line 601
Defining \tl_if_head_eq_charcode:fNT on line 602
Defining \tl_if_head_eq_charcode:fNF on line 603
Defining \tl_if_head_eq_catcode_p:nN on line 608
Defining \tl_if_head_eq_catcode:nNTF on line 608
Defining \tl_if_head_eq_catcode:nNT on line 608
Defining \tl_if_head_eq_catcode:nNF on line 608
)
(/usr/share/texmf-texlive/tex/latex/expl3/l3num.sty
Package: l3num 2009/08/08 v1451 L3 Experimental token numbers

This is a LaTeX bug: check coding!
! Command name `\if_num:w' already defined! Current meaning: \ifnum.
\msg_kernel_bug:x ...oding!}\tex_errmessage:D {#1}
                                                  
l.56 \cs_new_eq:NN \if_num:w
                                       \tex_ifnum:D
? X
 
Here is how much of TeX's memory you used:
 12427 strings out of 493848
 186632 string characters out of 1152823
 302806 words of memory out of 3000000
 15480 multiletter control sequences out of 15000+50000
 4709 words of font info for 16 fonts, out of 3000000 for 9000
 714 hyphenation exceptions out of 8191
 45i,0n,45p,289b,222s stack positions out of 5000i,500n,10000p,200000b,50000s
No pages of output.
PDF statistics:
 0 PDF objects out of 1000 (max. 8388607)
 0 named destinations out of 1000 (max. 500000)
 1 words of extra memory for PDF output out of 10000 (max. 10000000)

